<?xml version="1.0" encoding="UTF-8"?>
<!-- Generated by org.testng.reporters.JUnitReportReporter -->
<testsuite hostname="WL-MS-743" failures="0" tests="1" name="com.api.testing.fileDownload" time="1.748" errors="0" timestamp="2025-01-10T21:22:37 IST" skipped="0">
  <testcase classname="com.api.testing.fileDownload" name="fileDownloadFunction" time="1.748"/>
</testsuite> <!-- com.api.testing.fileDownload -->
