<?xml version="1.0" encoding="UTF-8"?>
<!-- Generated by org.testng.reporters.JUnitReportReporter -->
<testsuite hostname="WL-MS-743" failures="0" tests="1" name="com.api.testing.patchUpdateUserHashMap" time="1.756" errors="0" timestamp="2024-12-27T23:05:46 IST" skipped="0">
  <testcase classname="com.api.testing.patchUpdateUserHashMap" name="updateUserAPI" time="1.756"/>
</testsuite> <!-- com.api.testing.patchUpdateUserHashMap -->
