<?xml version="1.0" encoding="UTF-8"?>
<!-- Generated by org.testng.reporters.JUnitReportReporter -->
<testsuite hostname="WL-MS-743" failures="0" tests="1" name="com.api.testing.basicAuthAPI" time="3.674" errors="0" timestamp="2025-01-13T23:12:50 IST" skipped="0">
  <testcase classname="com.api.testing.basicAuthAPI" name="basicAuthenticationAPI" time="3.674"/>
</testsuite> <!-- com.api.testing.basicAuthAPI -->
