<?xml version="1.0" encoding="UTF-8"?>
<!-- Generated by org.testng.reporters.JUnitReportReporter -->
<testsuite hostname="WL-MS-743" failures="0" tests="1" name="com.api.testing.postCreateUserExternalFile" time="2.085" errors="0" timestamp="2024-12-26T23:28:14 IST" skipped="0">
  <testcase classname="com.api.testing.postCreateUserExternalFile" name="createUserAPI" time="2.085"/>
</testsuite> <!-- com.api.testing.postCreateUserExternalFile -->
