<?xml version="1.0" encoding="UTF-8"?>
<!-- Generated by org.testng.reporters.JUnitReportReporter -->
<testsuite hostname="WL-MS-743" failures="0" tests="4" name="com.api.testing.soapAPIs" time="3.909" errors="0" timestamp="2025-01-20T23:19:08 IST" skipped="0">
  <testcase classname="com.api.testing.soapAPIs" name="multiplyAPI" time="0.607"/>
  <testcase classname="com.api.testing.soapAPIs" name="subtractAPI" time="0.610"/>
  <testcase classname="com.api.testing.soapAPIs" name="addAPI" time="2.024"/>
  <testcase classname="com.api.testing.soapAPIs" name="divideAPI" time="0.668"/>
</testsuite> <!-- com.api.testing.soapAPIs -->
