<?xml version="1.0" encoding="UTF-8"?>
<!-- Generated by org.testng.reporters.JUnitReportReporter -->
<testsuite hostname="WL-MS-743" failures="0" tests="1" name="com.api.testing.createUserDDTapproach4" time="2.219" errors="0" timestamp="2025-01-07T23:09:09 IST" skipped="0">
  <testcase classname="com.api.testing.createUserDDTapproach4" name="createUserAPI" time="2.219"/>
</testsuite> <!-- com.api.testing.createUserDDTapproach4 -->
