<?xml version="1.0" encoding="UTF-8"?>
<!-- Generated by org.testng.reporters.JUnitReportReporter -->
<testsuite hostname="WL-MS-743" failures="0" tests="1" name="com.api.testing.excelUtilsReadWriteOperations" time="0.812" errors="0" timestamp="2025-01-09T23:00:16 IST" skipped="0">
  <testcase classname="com.api.testing.excelUtilsReadWriteOperations" name="setCellData" time="0.812"/>
</testsuite> <!-- com.api.testing.excelUtilsReadWriteOperations -->
