<?xml version="1.0" encoding="UTF-8"?>
<!-- Generated by org.testng.reporters.JUnitReportReporter -->
<testsuite hostname="WL-MS-743" failures="0" tests="1" name="com.api.testing.learningJavaFakerLibrary" time="0.291" errors="0" timestamp="2024-12-30T23:06:01 IST" skipped="0">
  <testcase classname="com.api.testing.learningJavaFakerLibrary" name="fakerLibraryPractice" time="0.291"/>
</testsuite> <!-- com.api.testing.learningJavaFakerLibrary -->
