<?xml version="1.0" encoding="UTF-8"?>
<!-- Generated by org.testng.reporters.JUnitReportReporter -->
<testsuite hostname="WL-MS-743" failures="0" tests="4" name="com.api.testing.createUserDDTFakerLibraryApproach2" time="7.521" errors="0" timestamp="2025-01-06T23:19:36 IST" skipped="0">
  <testcase classname="com.api.testing.createUserDDTFakerLibraryApproach2" name="createUserAPI" time="3.102"/>
  <testcase classname="com.api.testing.createUserDDTFakerLibraryApproach2" name="createUserAPI" time="2.345"/>
  <testcase classname="com.api.testing.createUserDDTFakerLibraryApproach2" name="createUserAPI" time="1.054"/>
  <testcase classname="com.api.testing.createUserDDTFakerLibraryApproach2" name="createUserAPI" time="1.020"/>
</testsuite> <!-- com.api.testing.createUserDDTFakerLibraryApproach2 -->
