<?xml version="1.0" encoding="UTF-8"?>
<!-- Generated by org.testng.reporters.JUnitReportReporter -->
<testsuite hostname="WL-MS-743" failures="0" tests="4" name="com.api.testing.createUserDDTapproach2" time="5.195" errors="0" timestamp="2025-01-06T23:06:46 IST" skipped="0">
  <testcase classname="com.api.testing.createUserDDTapproach2" name="createUserAPI" time="1.270"/>
  <testcase classname="com.api.testing.createUserDDTapproach2" name="createUserAPI" time="0.995"/>
  <testcase classname="com.api.testing.createUserDDTapproach2" name="createUserAPI" time="2.203"/>
  <testcase classname="com.api.testing.createUserDDTapproach2" name="createUserAPI" time="0.727"/>
</testsuite> <!-- com.api.testing.createUserDDTapproach2 -->
