<?xml version="1.0" encoding="UTF-8"?>
<!-- Generated by org.testng.reporters.JUnitReportReporter -->
<testsuite hostname="WL-MS-743" failures="0" tests="5" name="com.api.testing.createUserDDTapproach3" time="3.961" errors="0" timestamp="2025-01-06T23:23:54 IST" skipped="0">
  <testcase classname="com.api.testing.createUserDDTapproach3" name="createUserAPI" time="0.590"/>
  <testcase classname="com.api.testing.createUserDDTapproach3" name="createUserAPI" time="1.987"/>
  <testcase classname="com.api.testing.createUserDDTapproach3" name="createUserAPI" time="0.352"/>
  <testcase classname="com.api.testing.createUserDDTapproach3" name="createUserAPI" time="0.517"/>
  <testcase classname="com.api.testing.createUserDDTapproach3" name="createUserAPI" time="0.515"/>
</testsuite> <!-- com.api.testing.createUserDDTapproach3 -->
