<?xml version="1.0" encoding="UTF-8"?>
<!-- Generated by org.testng.reporters.JUnitReportReporter -->
<testsuite hostname="WL-MS-743" failures="0" tests="1" name="com.api.testing.digestAuthAPI" time="4.282" errors="0" timestamp="2025-01-13T23:26:21 IST" skipped="0">
  <testcase classname="com.api.testing.digestAuthAPI" name="digestAuthAPI3" time="4.282"/>
</testsuite> <!-- com.api.testing.digestAuthAPI -->
