<?xml version="1.0" encoding="UTF-8"?>
<!-- Generated by org.testng.reporters.JUnitReportReporter -->
<testsuite hostname="WL-MS-743" failures="0" tests="1" name="com.api.testing.OAuth2API" time="1.604" errors="0" timestamp="2025-01-16T23:21:01 IST" skipped="0">
  <testcase classname="com.api.testing.OAuth2API" name="OAuth2APIAuth" time="1.604"/>
</testsuite> <!-- com.api.testing.OAuth2API -->
