<?xml version="1.0" encoding="UTF-8"?>
<!-- Generated by org.testng.reporters.JUnitReportReporter -->
<testsuite hostname="WL-MS-743" failures="0" tests="1" name="com.api.testing.patchUpdateUserFakerLibrary" time="1.965" errors="0" timestamp="2024-12-30T23:20:11 IST" skipped="0">
  <testcase classname="com.api.testing.patchUpdateUserFakerLibrary" name="updateUserAPI" time="1.965"/>
</testsuite> <!-- com.api.testing.patchUpdateUserFakerLibrary -->
