<?xml version="1.0" encoding="UTF-8"?>
<!-- Generated by org.testng.reporters.JUnitReportReporter -->
<testsuite hostname="WL-MS-743" failures="0" tests="1" name="com.api.testing.APIkey" time="1.229" errors="0" timestamp="2025-01-17T23:06:35 IST" skipped="0">
  <testcase classname="com.api.testing.APIkey" name="APIkeyAuth2" time="1.229"/>
</testsuite> <!-- com.api.testing.APIkey -->
