<?xml version="1.0" encoding="UTF-8"?>
<!-- Generated by org.testng.reporters.JUnitReportReporter -->
<testsuite hostname="WL-MS-743" failures="0" tests="6" name="com.api.testing.e2eAutomation" time="4.954" errors="0" timestamp="2025-01-02T23:34:06 IST" skipped="0">
  <testcase classname="com.api.testing.e2eAutomation" name="createAuser" time="2.606"/>
  <testcase classname="com.api.testing.e2eAutomation" name="verifyIfUserisCreated" time="0.583"/>
  <testcase classname="com.api.testing.e2eAutomation" name="updateTheCreatedUser" time="0.434"/>
  <testcase classname="com.api.testing.e2eAutomation" name="verifyIfUserisUpdated" time="0.520"/>
  <testcase classname="com.api.testing.e2eAutomation" name="deleteTheCreatedUser" time="0.465"/>
  <testcase classname="com.api.testing.e2eAutomation" name="verifyIfUserisDeleted" time="0.346"/>
</testsuite> <!-- com.api.testing.e2eAutomation -->
