<?xml version="1.0" encoding="UTF-8"?>
<!-- Generated by org.testng.reporters.JUnitReportReporter -->
<testsuite hostname="WL-MS-743" failures="0" tests="1" name="com.api.testing.postCreateUserJsonObject" time="2.673" errors="0" timestamp="2024-12-26T23:09:03 IST" skipped="0">
  <testcase classname="com.api.testing.postCreateUserJsonObject" name="createUserAPI" time="2.673"/>
</testsuite> <!-- com.api.testing.postCreateUserJsonObject -->
