<?xml version="1.0" encoding="UTF-8"?>
<!-- Generated by org.testng.reporters.JUnitReportReporter -->
<testsuite hostname="WL-MS-743" failures="0" tests="1" name="com.api.testing.getListUsersJsonSchemaValidation" time="2.485" errors="0" timestamp="2025-01-01T22:19:47 IST" skipped="0">
  <testcase classname="com.api.testing.getListUsersJsonSchemaValidation" name="listUsers" time="2.485"/>
</testsuite> <!-- com.api.testing.getListUsersJsonSchemaValidation -->
