<?xml version="1.0" encoding="UTF-8"?>
<!-- Generated by org.testng.reporters.JUnitReportReporter -->
<testsuite hostname="WL-MS-743" failures="0" tests="1" name="com.api.testing.postCreateUserAssertCommands" time="1.816" errors="0" timestamp="2025-01-02T23:28:04 IST" skipped="0">
  <testcase classname="com.api.testing.postCreateUserAssertCommands" name="createUserAPI" time="1.816"/>
</testsuite> <!-- com.api.testing.postCreateUserAssertCommands -->
