<?xml version="1.0" encoding="UTF-8"?>
<!-- Generated by org.testng.reporters.JUnitReportReporter -->
<testsuite hostname="WL-MS-743" failures="0" tests="4" name="com.api.testing.createUserDDTapproach1" time="5.177" errors="0" timestamp="2025-01-03T23:20:25 IST" skipped="0">
  <testcase classname="com.api.testing.createUserDDTapproach1" name="createUserAPI" time="0.750"/>
  <testcase classname="com.api.testing.createUserDDTapproach1" name="createUserAPI" time="1.004"/>
  <testcase classname="com.api.testing.createUserDDTapproach1" name="createUserAPI" time="2.350"/>
  <testcase classname="com.api.testing.createUserDDTapproach1" name="createUserAPI" time="1.073"/>
</testsuite> <!-- com.api.testing.createUserDDTapproach1 -->
