<?xml version="1.0" encoding="UTF-8"?>
<!-- Generated by org.testng.reporters.JUnitReportReporter -->
<testsuite hostname="WL-MS-743" failures="0" tests="1" name="com.api.testing.bearerAuthAPI" time="2.906" errors="0" timestamp="2025-01-16T23:03:47 IST" skipped="0">
  <testcase classname="com.api.testing.bearerAuthAPI" name="bearerAuthTokenAPI" time="2.906"/>
</testsuite> <!-- com.api.testing.bearerAuthAPI -->
