<?xml version="1.0" encoding="UTF-8"?>
<!-- Generated by org.testng.reporters.JUnitReportReporter -->
<testsuite hostname="WL-MS-743" failures="0" tests="1" name="com.api.testing.postCreateUserFakerLibrary" time="1.646" errors="0" timestamp="2024-12-30T23:15:49 IST" skipped="0">
  <testcase classname="com.api.testing.postCreateUserFakerLibrary" name="createUserAPI" time="1.646"/>
</testsuite> <!-- com.api.testing.postCreateUserFakerLibrary -->
