<?xml version="1.0" encoding="UTF-8"?>
<!-- Generated by org.testng.reporters.JUnitReportReporter -->
<testsuite hostname="WL-MS-743" failures="0" tests="4" name="com.api.testing.createUserDDTFakerLibraryApproach1" time="5.578" errors="0" timestamp="2025-01-06T23:00:56 IST" skipped="0">
  <testcase classname="com.api.testing.createUserDDTFakerLibraryApproach1" name="createUserAPI" time="0.733"/>
  <testcase classname="com.api.testing.createUserDDTFakerLibraryApproach1" name="createUserAPI" time="2.344"/>
  <testcase classname="com.api.testing.createUserDDTFakerLibraryApproach1" name="createUserAPI" time="0.743"/>
  <testcase classname="com.api.testing.createUserDDTFakerLibraryApproach1" name="createUserAPI" time="1.758"/>
</testsuite> <!-- com.api.testing.createUserDDTFakerLibraryApproach1 -->
