<?xml version="1.0" encoding="UTF-8"?>
<!-- Generated by org.testng.reporters.JUnitReportReporter -->
<testsuite hostname="WL-MS-743" failures="0" tests="1" name="com.api.testing.patchUpdateUserJsonObject" time="1.752" errors="0" timestamp="2024-12-27T23:14:14 IST" skipped="0">
  <testcase classname="com.api.testing.patchUpdateUserJsonObject" name="updateUserAPI" time="1.752"/>
</testsuite> <!-- com.api.testing.patchUpdateUserJsonObject -->
