<?xml version="1.0" encoding="UTF-8"?>
<!-- Generated by org.testng.reporters.JUnitReportReporter -->
<testsuite hostname="WL-MS-743" failures="0" tests="5" name="com.api.testing.apachePOIexcelDDT" time="5.653" errors="0" timestamp="2025-01-10T21:06:15 IST" skipped="0">
  <testcase classname="com.api.testing.apachePOIexcelDDT" name="createUserPostAPIdataDrivenAutomationTest" time="0.728"/>
  <testcase classname="com.api.testing.apachePOIexcelDDT" name="createUserPostAPIdataDrivenAutomationTest" time="1.940"/>
  <testcase classname="com.api.testing.apachePOIexcelDDT" name="createUserPostAPIdataDrivenAutomationTest" time="0.683"/>
  <testcase classname="com.api.testing.apachePOIexcelDDT" name="createUserPostAPIdataDrivenAutomationTest" time="0.999"/>
  <testcase classname="com.api.testing.apachePOIexcelDDT" name="createUserPostAPIdataDrivenAutomationTest" time="1.303"/>
</testsuite> <!-- com.api.testing.apachePOIexcelDDT -->
