<?xml version="1.0" encoding="UTF-8"?>
<!-- Generated by org.testng.reporters.JUnitReportReporter -->
<testsuite hostname="WL-MS-743" failures="0" tests="4" name="com.api.testing.deleteUserDDTapprach2" time="11.153" errors="0" timestamp="2025-01-06T23:15:16 IST" skipped="0">
  <testcase classname="com.api.testing.deleteUserDDTapprach2" name="deleteUser" time="1.705"/>
  <testcase classname="com.api.testing.deleteUserDDTapprach2" name="deleteUser" time="6.089"/>
  <testcase classname="com.api.testing.deleteUserDDTapprach2" name="deleteUser" time="2.380"/>
  <testcase classname="com.api.testing.deleteUserDDTapprach2" name="deleteUser" time="0.979"/>
</testsuite> <!-- com.api.testing.deleteUserDDTapprach2 -->
