<?xml version="1.0" encoding="UTF-8"?>
<!-- Generated by org.testng.reporters.JUnitReportReporter -->
<testsuite hostname="WL-MS-743" failures="0" tests="1" name="com.api.testing.deleteUserAPI" time="1.702" errors="0" timestamp="2024-12-27T23:29:24 IST" skipped="0">
  <testcase classname="com.api.testing.deleteUserAPI" name="deleteUser" time="1.702"/>
</testsuite> <!-- com.api.testing.deleteUserAPI -->
