<?xml version="1.0" encoding="UTF-8"?>
<!-- Generated by org.testng.reporters.JUnitReportReporter -->
<testsuite hostname="WL-MS-743" failures="0" tests="4" name="com.api.testing.deleteUserDDTapprach3" time="4.770" errors="0" timestamp="2025-01-06T23:26:25 IST" skipped="0">
  <testcase classname="com.api.testing.deleteUserDDTapprach3" name="deleteUser" time="0.662"/>
  <testcase classname="com.api.testing.deleteUserDDTapprach3" name="deleteUser" time="0.713"/>
  <testcase classname="com.api.testing.deleteUserDDTapprach3" name="deleteUser" time="2.010"/>
  <testcase classname="com.api.testing.deleteUserDDTapprach3" name="deleteUser" time="1.385"/>
</testsuite> <!-- com.api.testing.deleteUserDDTapprach3 -->
