<?xml version="1.0" encoding="UTF-8"?>
<!-- Generated by org.testng.reporters.JUnitReportReporter -->
<testsuite hostname="WL-MS-743" failures="0" tests="1" name="com.api.testing.fileUploadAPI" time="2.674" errors="0" timestamp="2025-01-10T21:36:07 IST" skipped="0">
  <testcase classname="com.api.testing.fileUploadAPI" name="fileUpload" time="2.674"/>
</testsuite> <!-- com.api.testing.fileUploadAPI -->
