<?xml version="1.0" encoding="UTF-8"?>
<!-- Generated by org.testng.reporters.JUnitReportReporter -->
<testsuite hostname="WL-MS-743" failures="0" tests="4" name="com.api.testing.apiChaining" time="4.086" errors="0" timestamp="2024-12-31T20:50:46 IST" skipped="0">
  <testcase classname="com.api.testing.apiChaining" name="createUserAPI" time="2.305"/>
  <testcase classname="com.api.testing.apiChaining" name="listUsers" time="0.463"/>
  <testcase classname="com.api.testing.apiChaining" name="updateUserAPI" time="0.576"/>
  <testcase classname="com.api.testing.apiChaining" name="deleteUser" time="0.742"/>
</testsuite> <!-- com.api.testing.apiChaining -->
