<?xml version="1.0" encoding="UTF-8"?>
<!-- Generated by org.testng.reporters.JUnitReportReporter -->
<testsuite hostname="WL-MS-743" failures="0" tests="1" name="com.api.testing.deleteUserDDTapprach4" time="2.126" errors="0" timestamp="2025-01-07T23:17:19 IST" skipped="0">
  <testcase classname="com.api.testing.deleteUserDDTapprach4" name="deleteUser" time="2.126"/>
</testsuite> <!-- com.api.testing.deleteUserDDTapprach4 -->
