<?xml version="1.0" encoding="UTF-8"?>
<!-- Generated by org.testng.reporters.JUnitReportReporter -->
<testsuite hostname="WL-MS-743" failures="0" tests="1" name="com.api.testing.getListUsersAPI" time="2.793" errors="0" timestamp="2025-01-10T21:08:16 IST" skipped="0">
  <testcase classname="com.api.testing.getListUsersAPI" name="listUsers" time="2.793"/>
</testsuite> <!-- com.api.testing.getListUsersAPI -->
